Line 26: Class MSACAL.Calendar of control Calendar1 was not a loaded control class.
Line 104: Class MSAdodcLib.Adodc of control Adodc1 was not a loaded control class.
Line 34: The property name _Version in Calendar1 is invalid.
Line 35: The property name _ExtentX in Calendar1 is invalid.
Line 36: The property name _ExtentY in Calendar1 is invalid.
Line 37: The property name _StockProps in Calendar1 is invalid.
Line 39: The property name Year in Calendar1 is invalid.
Line 40: The property name Month in Calendar1 is invalid.
Line 41: The property name Day in Calendar1 is invalid.
Line 42: The property name DayLength in Calendar1 is invalid.
Line 43: The property name MonthLength in Calendar1 is invalid.
Line 44: The property name DayFontColor in Calendar1 is invalid.
Line 45: The property name FirstDay in Calendar1 is invalid.
Line 46: The property name GridCellEffect in Calendar1 is invalid.
Line 47: The property name GridFontColor in Calendar1 is invalid.
Line 48: The property name GridLinesColor in Calendar1 is invalid.
Line 49: The property name ShowDateSelectors in Calendar1 is invalid.
Line 50: The property name ShowDays in Calendar1 is invalid.
Line 51: The property name ShowHorizontalGrid in Calendar1 is invalid.
Line 52: The property name ShowTitle in Calendar1 is invalid.
Line 53: The property name ShowVerticalGrid in Calendar1 is invalid.
Line 54: The property name TitleFontColor in Calendar1 is invalid.
Line 55: The property name ValueIsNull in Calendar1 is invalid.
Line 64: The property name DayFont in Calendar1 is invalid.
Line 73: The property name GridFont in Calendar1 is invalid.
Line 82: The property name TitleFont in Calendar1 is invalid.
Line 110: The property name _ExtentX in Adodc1 is invalid.
Line 111: The property name _ExtentY in Adodc1 is invalid.
Line 112: The property name ConnectMode in Adodc1 is invalid.
Line 113: The property name CursorLocation in Adodc1 is invalid.
Line 114: The property name IsolationLevel in Adodc1 is invalid.
Line 115: The property name ConnectionTimeout in Adodc1 is invalid.
Line 116: The property name CommandTimeout in Adodc1 is invalid.
Line 117: The property name CursorType in Adodc1 is invalid.
Line 118: The property name LockType in Adodc1 is invalid.
Line 119: The property name CommandType in Adodc1 is invalid.
Line 120: The property name CursorOptions in Adodc1 is invalid.
Line 121: The property name CacheSize in Adodc1 is invalid.
Line 122: The property name MaxRecords in Adodc1 is invalid.
Line 123: The property name BOFAction in Adodc1 is invalid.
Line 124: The property name EOFAction in Adodc1 is invalid.
Line 125: The property name ConnectStringType in Adodc1 is invalid.
Line 129: The property name Orientation in Adodc1 is invalid.
Line 131: The property name Connect in Adodc1 is invalid.
Line 132: The property name OLEDBString in Adodc1 is invalid.
Line 133: The property name OLEDBFile in Adodc1 is invalid.
Line 134: The property name DataSourceName in Adodc1 is invalid.
Line 135: The property name OtherAttributes in Adodc1 is invalid.
Line 136: The property name UserName in Adodc1 is invalid.
Line 137: The property name Password in Adodc1 is invalid.
Line 138: The property name RecordSource in Adodc1 is invalid.
Line 139: The property name Caption in Adodc1 is invalid.
Line 149: The property name _Version in Adodc1 is invalid.
