Line 16: Class MSDataGridLib.DataGrid of control DataGrid2 was not a loaded control class.
Line 81: Class MSDataGridLib.DataGrid of control DataGrid1 was not a loaded control class.
Line 148: Class MSAdodcLib.Adodc of control Adodc2 was not a loaded control class.
Line 194: Class MSAdodcLib.Adodc of control Adodc1 was not a loaded control class.
Line 17: The property name Bindings in DataGrid2 is invalid.
Line 23: The property name _ExtentX in DataGrid2 is invalid.
Line 24: The property name _ExtentY in DataGrid2 is invalid.
Line 25: The property name _Version in DataGrid2 is invalid.
Line 26: The property name HeadLines in DataGrid2 is invalid.
Line 27: The property name RowHeight in DataGrid2 is invalid.
Line 36: The property name HeadFont in DataGrid2 is invalid.
Line 46: The property name ColumnCount in DataGrid2 is invalid.
Line 59: The property name Column00 in DataGrid2 is invalid.
Line 72: The property name Column01 in DataGrid2 is invalid.
Line 73: The property name SplitCount in DataGrid2 is invalid.
Line 79: The property name Split0 in DataGrid2 is invalid.
Line 82: The property name Bindings in DataGrid1 is invalid.
Line 88: The property name _ExtentX in DataGrid1 is invalid.
Line 89: The property name _ExtentY in DataGrid1 is invalid.
Line 90: The property name _Version in DataGrid1 is invalid.
Line 91: The property name AllowUpdate in DataGrid1 is invalid.
Line 92: The property name AllowArrows in DataGrid1 is invalid.
Line 93: The property name HeadLines in DataGrid1 is invalid.
Line 94: The property name RowHeight in DataGrid1 is invalid.
Line 103: The property name HeadFont in DataGrid1 is invalid.
Line 113: The property name ColumnCount in DataGrid1 is invalid.
Line 126: The property name Column00 in DataGrid1 is invalid.
Line 139: The property name Column01 in DataGrid1 is invalid.
Line 140: The property name SplitCount in DataGrid1 is invalid.
Line 146: The property name Split0 in DataGrid1 is invalid.
Line 153: The property name _ExtentX in Adodc2 is invalid.
Line 154: The property name _ExtentY in Adodc2 is invalid.
Line 155: The property name ConnectMode in Adodc2 is invalid.
Line 156: The property name CursorLocation in Adodc2 is invalid.
Line 157: The property name IsolationLevel in Adodc2 is invalid.
Line 158: The property name ConnectionTimeout in Adodc2 is invalid.
Line 159: The property name CommandTimeout in Adodc2 is invalid.
Line 160: The property name CursorType in Adodc2 is invalid.
Line 161: The property name LockType in Adodc2 is invalid.
Line 162: The property name CommandType in Adodc2 is invalid.
Line 163: The property name CursorOptions in Adodc2 is invalid.
Line 164: The property name CacheSize in Adodc2 is invalid.
Line 165: The property name MaxRecords in Adodc2 is invalid.
Line 166: The property name BOFAction in Adodc2 is invalid.
Line 167: The property name EOFAction in Adodc2 is invalid.
Line 168: The property name ConnectStringType in Adodc2 is invalid.
Line 172: The property name Orientation in Adodc2 is invalid.
Line 174: The property name Connect in Adodc2 is invalid.
Line 175: The property name OLEDBString in Adodc2 is invalid.
Line 176: The property name OLEDBFile in Adodc2 is invalid.
Line 177: The property name DataSourceName in Adodc2 is invalid.
Line 178: The property name OtherAttributes in Adodc2 is invalid.
Line 179: The property name UserName in Adodc2 is invalid.
Line 180: The property name Password in Adodc2 is invalid.
Line 181: The property name RecordSource in Adodc2 is invalid.
Line 182: The property name Caption in Adodc2 is invalid.
Line 192: The property name _Version in Adodc2 is invalid.
Line 199: The property name _ExtentX in Adodc1 is invalid.
Line 200: The property name _ExtentY in Adodc1 is invalid.
Line 201: The property name ConnectMode in Adodc1 is invalid.
Line 202: The property name CursorLocation in Adodc1 is invalid.
Line 203: The property name IsolationLevel in Adodc1 is invalid.
Line 204: The property name ConnectionTimeout in Adodc1 is invalid.
Line 205: The property name CommandTimeout in Adodc1 is invalid.
Line 206: The property name CursorType in Adodc1 is invalid.
Line 207: The property name LockType in Adodc1 is invalid.
Line 208: The property name CommandType in Adodc1 is invalid.
Line 209: The property name CursorOptions in Adodc1 is invalid.
Line 210: The property name CacheSize in Adodc1 is invalid.
Line 211: The property name MaxRecords in Adodc1 is invalid.
Line 212: The property name BOFAction in Adodc1 is invalid.
Line 213: The property name EOFAction in Adodc1 is invalid.
Line 214: The property name ConnectStringType in Adodc1 is invalid.
Line 218: The property name Orientation in Adodc1 is invalid.
Line 220: The property name Connect in Adodc1 is invalid.
Line 221: The property name OLEDBString in Adodc1 is invalid.
Line 222: The property name OLEDBFile in Adodc1 is invalid.
Line 223: The property name DataSourceName in Adodc1 is invalid.
Line 224: The property name OtherAttributes in Adodc1 is invalid.
Line 225: The property name UserName in Adodc1 is invalid.
Line 226: The property name Password in Adodc1 is invalid.
Line 227: The property name RecordSource in Adodc1 is invalid.
Line 228: The property name Caption in Adodc1 is invalid.
Line 238: The property name _Version in Adodc1 is invalid.
